2022-02-28 20:42:19,062 | INFO | Current word: COMIC

2022-02-28 20:42:23,793 | INFO | Attempt #1: qwews
2022-02-28 20:45:14,954 | INFO | Current word: MASON

2022-02-28 20:45:18,515 | INFO | Attempt #1: qwersa
2022-02-28 20:45:30,985 | INFO | Attempt #2: qwerdswa
2022-02-28 20:47:08,728 | INFO | Current word: SONIC

2022-02-28 20:47:12,694 | INFO | Attempt #1: qwersfad
2022-02-28 20:47:34,277 | INFO | Attempt #1: q1245s
2022-02-28 20:47:34,277 | ERROR | Please enter word with only alphabets
2022-02-28 22:09:26,104 | INFO | Current word: FANCY
2022-02-28 22:09:38,774 | INFO | Attempt #1: lancy
2022-02-28 22:09:51,229 | INFO | Attempt #2: jancy
2022-02-28 22:09:55,294 | INFO | Attempt #3: lolly
2022-02-28 22:09:58,097 | INFO | Attempt #4: molly
2022-02-28 22:10:05,026 | INFO | Attempt #5: 12345
2022-02-28 22:10:05,026 | ERROR | Please enter word with only alphabets
2022-02-28 22:10:10,738 | INFO | Attempt #5: swerch
2022-02-28 22:10:10,738 | ERROR | Please enter a word of length 5
2022-02-28 22:10:19,330 | INFO | Attempt #5: qwert
2022-02-28 22:10:20,009 | INFO | Attempt #6: 
2022-02-28 22:10:20,009 | ERROR | Please enter a word of length 5
2022-02-28 22:10:28,765 | INFO | Attempt #6: cases
2022-02-28 22:10:28,770 | INFO | ******* Statistics *********
2022-02-28 22:10:28,770 | INFO | Played: 1
2022-02-28 22:10:28,770 | INFO | Won%: 0.0
2022-02-28 22:10:28,770 | INFO | ******* Guess Distribution *********
2022-02-28 22:10:28,770 | INFO | Attempt 1: 0
2022-02-28 22:10:28,770 | INFO | Attempt 2: 0
2022-02-28 22:10:28,770 | INFO | Attempt 3: 0
2022-02-28 22:10:28,770 | INFO | Attempt 4: 0
2022-02-28 22:10:28,771 | INFO | Attempt 5: 0
2022-02-28 22:10:28,771 | INFO | Attempt 6: 0
2022-02-28 22:11:11,514 | INFO | Current word: JULIA
2022-02-28 22:11:21,331 | INFO | Attempt #1: stunt
2022-02-28 22:11:25,619 | INFO | Attempt #2: julia
2022-02-28 22:11:25,619 | INFO | Word match found !!!
2022-02-28 22:11:25,623 | INFO | ******* Statistics *********
2022-02-28 22:11:25,624 | INFO | Played: 1
2022-02-28 22:11:25,624 | INFO | Won%: 100.0
2022-02-28 22:11:25,624 | INFO | ******* Guess Distribution *********
2022-02-28 22:11:25,624 | INFO | Attempt 1: 0
2022-02-28 22:11:25,624 | INFO | Attempt 2: 1
2022-02-28 22:11:25,624 | INFO | Attempt 3: 0
2022-02-28 22:11:25,624 | INFO | Attempt 4: 0
2022-02-28 22:11:25,624 | INFO | Attempt 5: 0
2022-02-28 22:11:25,624 | INFO | Attempt 6: 0
2022-02-28 22:11:36,692 | INFO | Current word: PROMO
2022-02-28 22:11:43,300 | INFO | Attempt #1: promo
2022-02-28 22:11:43,301 | INFO | Word match found !!!
2022-02-28 22:11:43,305 | INFO | ******* Statistics *********
2022-02-28 22:11:43,305 | INFO | Played: 1
2022-02-28 22:11:43,305 | INFO | Won%: 100.0
2022-02-28 22:11:43,305 | INFO | ******* Guess Distribution *********
2022-02-28 22:11:43,305 | INFO | Attempt 1: 1
2022-02-28 22:11:43,305 | INFO | Attempt 2: 0
2022-02-28 22:11:43,306 | INFO | Attempt 3: 0
2022-02-28 22:11:43,306 | INFO | Attempt 4: 0
2022-02-28 22:11:43,306 | INFO | Attempt 5: 0
2022-02-28 22:11:43,306 | INFO | Attempt 6: 0
2022-02-28 22:12:26,434 | INFO | Current word: EVERY
2022-02-28 22:12:30,924 | INFO | Attempt #1: every
2022-02-28 22:12:30,925 | INFO | Word match found !!!
2022-02-28 22:12:30,929 | INFO | ******* Statistics *********
2022-02-28 22:12:30,929 | INFO | Played: 1
2022-02-28 22:12:30,930 | INFO | Won%: 100.0
2022-02-28 22:12:30,930 | INFO | ******* Guess Distribution *********
2022-02-28 22:12:30,930 | INFO | Attempt 1: 1
2022-02-28 22:12:30,930 | INFO | Attempt 2: 0
2022-02-28 22:12:30,930 | INFO | Attempt 3: 0
2022-02-28 22:12:30,930 | INFO | Attempt 4: 0
2022-02-28 22:12:30,930 | INFO | Attempt 5: 0
2022-02-28 22:12:30,930 | INFO | Attempt 6: 0
2022-02-28 22:13:13,551 | INFO | Current word: TIRED
2022-02-28 22:13:17,546 | INFO | Attempt #1: tired
2022-02-28 22:13:17,547 | INFO | Word match found !!!
2022-02-28 22:13:17,551 | INFO | ******* Statistics *********
2022-02-28 22:13:17,551 | INFO | Played: 1
2022-02-28 22:13:17,552 | INFO | Won%: 100.0
2022-02-28 22:13:17,552 | INFO | ******* Guess Distribution *********
2022-02-28 22:13:17,552 | INFO | Attempt 1: 1
2022-02-28 22:13:17,552 | INFO | Attempt 2: 0
2022-02-28 22:13:17,552 | INFO | Attempt 3: 0
2022-02-28 22:13:17,552 | INFO | Attempt 4: 0
2022-02-28 22:13:17,552 | INFO | Attempt 5: 0
2022-02-28 22:13:17,552 | INFO | Attempt 6: 0
2022-02-28 22:13:19,166 | INFO | Current word: CRACK
2022-02-28 22:13:27,879 | INFO | Attempt #1: qwer1
2022-02-28 22:13:27,879 | ERROR | Please enter word with only alphabets
2022-02-28 22:13:35,087 | INFO | Attempt #1: edcs123
2022-02-28 22:13:35,087 | ERROR | Please enter a word of length 5
2022-02-28 22:14:21,790 | INFO | Attempt #1: crack
2022-02-28 22:14:21,791 | INFO | Word match found !!!
2022-02-28 22:14:21,795 | INFO | ******* Statistics *********
2022-02-28 22:14:21,795 | INFO | Played: 2
2022-02-28 22:14:21,795 | INFO | Won%: 100.0
2022-02-28 22:14:21,795 | INFO | ******* Guess Distribution *********
2022-02-28 22:14:21,795 | INFO | Attempt 1: 1
2022-02-28 22:14:21,795 | INFO | Attempt 2: 0
2022-02-28 22:14:21,795 | INFO | Attempt 3: 0
2022-02-28 22:14:21,795 | INFO | Attempt 4: 0
2022-02-28 22:14:21,795 | INFO | Attempt 5: 0
2022-02-28 22:14:21,796 | INFO | Attempt 6: 0
2022-02-28 22:16:23,290 | INFO | Current word: AARON
2022-02-28 22:16:26,851 | INFO | Attempt #1: aaron
2022-02-28 22:16:26,851 | INFO | Word match found !!!
2022-02-28 22:16:26,857 | INFO | ******* Statistics *********
2022-02-28 22:16:26,857 | INFO | Played: 1
2022-02-28 22:16:26,857 | INFO | Won%: 100.0
2022-02-28 22:16:26,857 | INFO | ******* Guess Distribution *********
2022-02-28 22:16:26,857 | INFO | Attempt 1: 1
2022-02-28 22:16:26,857 | INFO | Attempt 2: 0
2022-02-28 22:16:26,857 | INFO | Attempt 3: 0
2022-02-28 22:16:26,857 | INFO | Attempt 4: 0
2022-02-28 22:16:26,857 | INFO | Attempt 5: 0
2022-02-28 22:16:26,858 | INFO | Attempt 6: 0
2022-02-28 22:16:29,589 | INFO | Current word: AARON
2022-02-28 22:16:39,279 | INFO | Attempt #1: aaron
2022-02-28 22:16:39,280 | INFO | Word match found !!!
2022-02-28 22:16:39,283 | INFO | ******* Statistics *********
2022-02-28 22:16:39,283 | INFO | Played: 2
2022-02-28 22:16:39,284 | INFO | Won%: 100.0
2022-02-28 22:16:39,284 | INFO | ******* Guess Distribution *********
2022-02-28 22:16:39,284 | INFO | Attempt 1: 1
2022-02-28 22:16:39,284 | INFO | Attempt 2: 0
2022-02-28 22:16:39,284 | INFO | Attempt 3: 0
2022-02-28 22:16:39,284 | INFO | Attempt 4: 0
2022-02-28 22:16:39,284 | INFO | Attempt 5: 0
2022-02-28 22:16:39,284 | INFO | Attempt 6: 0
2022-02-28 22:16:48,902 | INFO | Current word: AARON
2022-02-28 22:16:52,358 | INFO | Attempt #1: aaron
2022-02-28 22:16:52,359 | INFO | Word match found !!!
2022-02-28 22:16:52,363 | INFO | ******* Statistics *********
2022-02-28 22:16:52,363 | INFO | Played: 3
2022-02-28 22:16:52,363 | INFO | Won%: 100.0
2022-02-28 22:16:52,363 | INFO | ******* Guess Distribution *********
2022-02-28 22:16:52,363 | INFO | Attempt 1: 1
2022-02-28 22:16:52,363 | INFO | Attempt 2: 0
2022-02-28 22:16:52,364 | INFO | Attempt 3: 0
2022-02-28 22:16:52,364 | INFO | Attempt 4: 0
2022-02-28 22:16:52,364 | INFO | Attempt 5: 0
2022-02-28 22:16:52,364 | INFO | Attempt 6: 0
2022-03-05 22:07:23,349 | INFO | Current word: CLONE
2022-03-06 19:37:08,026 | INFO | Current word: ARRAY
2022-03-06 19:37:24,524 | INFO | Attempt #1: awesd
2022-03-06 19:41:07,889 | INFO | Current word: DELAY
2022-03-06 19:42:28,598 | INFO | Current word: RANGE
2022-03-06 19:42:56,004 | INFO | Current word: DRINK
2022-03-06 19:43:41,195 | INFO | Current word: COMES
2022-03-06 19:44:45,564 | INFO | Current word: KEEPS
2022-03-06 19:45:17,419 | INFO | Current word: BRASS
2022-03-06 19:50:09,892 | INFO | Current word: CREST
2022-03-06 19:52:18,720 | INFO | Current word: ITALY
2022-03-07 10:19:44,987 | INFO | Current word: VALUE
2022-03-07 10:20:57,377 | INFO | Current word: BEANS
2022-03-07 10:35:03,246 | INFO | Current word: ISAAC
2022-03-07 10:36:20,783 | INFO | Current word: SIMON
2022-03-07 11:46:48,543 | INFO | Current word: THOSE
2022-03-07 11:48:25,747 | INFO | Current word: ELITE
2022-03-07 11:50:18,158 | INFO | Current word: BELTS
2022-03-07 12:07:17,284 | INFO | Current word: TAMIL
2022-03-07 15:15:18,670 | INFO | Current word: INDIE
2022-03-07 15:16:22,750 | INFO | Current word: CURVE
2022-03-07 15:18:16,433 | INFO | Current word: CHASE
2022-03-07 15:24:50,203 | INFO | Current word: TALKS
2022-03-07 15:25:21,961 | INFO | Current word: SIXTH
2022-03-07 15:26:15,129 | INFO | Current word: FALLS
2022-03-07 15:27:30,044 | INFO | Current word: HEART
2022-03-07 15:28:42,396 | INFO | Current word: GUARD
2022-03-07 15:30:42,864 | INFO | Current word: JAMIE
2022-03-07 15:31:23,365 | INFO | Current word: COMES
2022-03-07 15:32:04,469 | INFO | Current word: AHEAD
2022-03-07 15:32:57,220 | INFO | Current word: TELLS
2022-03-07 15:41:14,256 | INFO | Current word: MIXER
2022-03-07 15:46:57,568 | INFO | Current word: BIBLE
2022-03-07 15:47:54,698 | INFO | Current word: EVERY
2022-03-07 15:56:30,425 | INFO | Current word: SANYO
2022-03-07 19:17:53,270 | INFO | Current word: OUTER
2022-03-07 19:19:51,242 | INFO | Current word: BLIND
2022-03-07 19:25:04,208 | INFO | Current word: OWNED
2022-03-07 19:29:28,729 | INFO | Current word: PHPBB
2022-03-07 19:39:42,365 | INFO | Current word: JENNY
2022-03-07 19:46:18,563 | INFO | Current word: TUNER
2022-03-07 19:48:41,711 | INFO | Current word: SPRAY
2022-03-07 19:52:21,580 | INFO | Current word: READY
2022-03-07 21:26:39,762 | INFO | Current word: AIMED
2022-03-07 21:35:17,642 | INFO | Current word: NAKED
2022-03-07 21:35:52,110 | INFO | Current word: PLAZA
2022-03-07 21:50:31,594 | INFO | Current word: KARMA
2022-03-07 22:19:08,449 | INFO | Current word: ASCII
Selected Word: DISKS
User Input:SPORT
User Input:LOGIC
User Input:MAKES
User Input:LOOKS
User Input:TOOLS
User Input:WALKS
User Report
Total number of games played: 1
Win percentage:  0.00%
Guessed in 1st attempt : 0
Guessed in 2nd attempt : 0
Guessed in 3rd attempt : 0
Guessed in 4th attempt : 0
Guessed in 5th attempt : 0
Guessed in 6th attempt : 0
Selected Word: RACES
Selected Word: FAVOR
Number of Games Played : 1
Guess distribution : [4]
Win % : 100.0

Number of Games Played : 1
Guess distribution : [4]
Win % : 100.0

Number of Games Played : 1
Guess distribution : ['Unsuccessful']
Win % : 0.0

Number of Games Played : 1
Guess distribution : [3]
Win % : 100.0

Number of Games Played : 1
Guess distribution : [5]
Win % : 100.0

Number of Games Played : 1
Guess distribution : [4]
Win % : 100.0

Number of Games Played : 1
Guess distribution : []
Win % : 0.0

Number of Games Played : 1
Guess distribution : [3]
Win % : 100.0

Number of Games Played : 1
Guess distribution : [5]
Win % : 100.0

Number of Games Played : 1
Guess distribution : [4]
Win % : 100.0

Number of Games Played : 1
Guess distribution : [6]
Win % : 100.0

Number of Games Played : 1
Guess distribution : []
Win % : 0.0

Number of Games Played : 1
Guess distribution : [5]
Win % : 100.0

